2023-07-14 16:09:02,593 - Started Synchronization.
2023-07-14 16:09:17,593 - Removing the debug.txt item from the replica directory.
2023-07-14 16:09:27,594 - Creating the folder test_v1 to the replica directory.
2023-07-14 16:09:37,595 - Copying the test_v2.py to the replica file
2023-07-14 16:09:42,595 - Creating the folder test_v3 to the replica directory.
2023-07-14 16:09:57,597 - Creating the folder test_v4 to the replica directory.
2023-07-14 16:10:02,597 - Copying the test_v5.log to the replica file
2023-07-14 16:10:17,599 - Removing the test_v6.py item from the replica directory.
2023-07-14 16:10:27,600 - Creating the folder test_v4 to the replica directory.
2023-07-14 16:10:27,600 - Copying the test_v5.log to the replica file
2023-07-14 16:10:27,600 - Creating the folder test_v1 to the replica directory.
2023-07-14 16:10:27,600 - Creating the folder test_v3 to the replica directory.
2023-07-14 16:10:27,601 - Copying the test_v2.py to the replica file
2023-07-14 16:10:43,627 - Stopped Synchronization.
2023-07-14 16:21:49,034 - Started Synchronization.
2023-07-14 16:21:59,035 - Removing the test_v3 folder from the replica directory.
2023-07-14 16:22:09,035 - Removing the test_v4 folder from the replica directory.
2023-07-14 16:22:39,037 - Copying the test_v2.py to the replica file
2023-07-14 22:06:26,359 - Started Synchronization.
2023-07-14 22:06:30,962 - Stopped Synchronization.
2023-07-14 22:06:39,287 - Started Synchronization.
2023-07-14 22:07:14,230 - Stopped Synchronization.
2023-07-14 22:07:26,508 - Started Synchronization.
2023-07-14 22:07:49,458 - Stopped Synchronization.
2023-07-14 22:08:38,502 - Started Synchronization.
2023-07-14 22:08:59,187 - Stopped Synchronization.
2023-07-14 22:10:12,259 - Started Synchronization.
2023-07-14 22:10:34,743 - Stopped Synchronization.
2023-07-14 22:11:10,942 - Started Synchronization.
2023-07-14 22:11:16,604 - Stopped Synchronization.
